<?xml version="1.0" encoding="UTF-8"?>
<testng-results ignored="0" total="2" passed="1" failed="1" skipped="0">
  <reporter-output>
  </reporter-output>
  <suite started-at="2024-07-29T14:25:19 ICT" name="Surefire suite" finished-at="2024-07-29T14:26:34 ICT" duration-ms="75020">
    <groups>
      <group name="cucumber">
        <method signature="AbstractTestNGCucumberTests.runScenario(io.cucumber.testng.PickleWrapper,io.cucumber.testng.FeatureWrapper)[pri:0, instance:com.hcmus.mentor.backend.runners.TestRunnerDataTable@61862a7f]" name="runScenario" class="io.cucumber.testng.AbstractTestNGCucumberTests"/>
        <method signature="AbstractTestNGCucumberTests.runScenario(io.cucumber.testng.PickleWrapper,io.cucumber.testng.FeatureWrapper)[pri:0, instance:com.hcmus.mentor.backend.runners.TestRunnerExcel@14dd9eb7]" name="runScenario" class="io.cucumber.testng.AbstractTestNGCucumberTests"/>
      </group> <!-- cucumber -->
    </groups>
    <test started-at="2024-07-29T14:25:19 ICT" name="Surefire test" finished-at="2024-07-29T14:26:34 ICT" duration-ms="75020">
      <class name="com.hcmus.mentor.backend.runners.TestRunnerExcel">
        <test-method is-config="true" signature="setUpClass(org.testng.ITestContext)[pri:0, instance:com.hcmus.mentor.backend.runners.TestRunnerExcel@14dd9eb7]" started-at="2024-07-29T14:26:04 ICT" name="setUpClass" finished-at="2024-07-29T14:26:04 ICT" duration-ms="73" status="PASS">
          <params>
            <param index="0">
              <value>
                <![CDATA[org.testng.TestRunner@7e50eeb9]]>
              </value>
            </param>
          </params>
          <reporter-output>
          </reporter-output>
        </test-method> <!-- setUpClass -->
        <test-method signature="runScenario(io.cucumber.testng.PickleWrapper,io.cucumber.testng.FeatureWrapper)[pri:0, instance:com.hcmus.mentor.backend.runners.TestRunnerExcel@14dd9eb7]" started-at="2024-07-29T14:26:04 ICT" name="runScenario" description="Runs Cucumber Scenarios" data-provider="scenarios" finished-at="2024-07-29T14:26:34 ICT" duration-ms="30214" status="FAIL">
          <params>
            <param index="0">
              <value>
                <![CDATA["Dời lịch họp thành công"]]>
              </value>
            </param>
            <param index="1">
              <value>
                <![CDATA["Dời lịch họp"]]>
              </value>
            </param>
          </params>
          <exception class="io.cucumber.testng.UndefinedStepException">
            <message>
              <![CDATA[The step 'người dùng bấm chọn Tạo lịch hẹn' is undefined.
You can implement this step using the snippet(s) below:

@Khi("người dùng bấm chọn Tạo lịch hẹn")
public void người_dùng_bấm_chọn_tạo_lịch_hẹn() {
    // Write code here that turns the phrase above into concrete actions
    throw new io.cucumber.java.PendingException();
}
]]>
            </message>
            <full-stacktrace>
              <![CDATA[io.cucumber.testng.UndefinedStepException: The step 'người dùng bấm chọn Tạo lịch hẹn' is undefined.
You can implement this step using the snippet(s) below:

@Khi("người dùng bấm chọn Tạo lịch hẹn")
public void người_dùng_bấm_chọn_tạo_lịch_hẹn() {
    // Write code here that turns the phrase above into concrete actions
    throw new io.cucumber.java.PendingException();
}

at io.cucumber.core.runtime.TestCaseResultObserver.assertTestCasePassed(TestCaseResultObserver.java:69)
at io.cucumber.testng.TestCaseResultObserver.assertTestCasePassed(TestCaseResultObserver.java:23)
at io.cucumber.testng.TestNGCucumberRunner.lambda$runScenario$1(TestNGCucumberRunner.java:133)
at io.cucumber.core.runtime.CucumberExecutionContext.lambda$runTestCase$5(CucumberExecutionContext.java:136)
at io.cucumber.core.runtime.RethrowingThrowableCollector.executeAndThrow(RethrowingThrowableCollector.java:23)
at io.cucumber.core.runtime.CucumberExecutionContext.runTestCase(CucumberExecutionContext.java:136)
at io.cucumber.testng.TestNGCucumberRunner.runScenario(TestNGCucumberRunner.java:129)
at io.cucumber.testng.AbstractTestNGCucumberTests.runScenario(AbstractTestNGCucumberTests.java:35)
at java.base/jdk.internal.reflect.DirectMethodHandleAccessor.invoke(DirectMethodHandleAccessor.java:103)
at java.base/java.lang.reflect.Method.invoke(Method.java:580)
at org.testng.internal.invokers.MethodInvocationHelper.invokeMethod(MethodInvocationHelper.java:141)
at org.testng.internal.invokers.TestInvoker.invokeMethod(TestInvoker.java:686)
at org.testng.internal.invokers.TestInvoker.invokeTestMethod(TestInvoker.java:230)
at org.testng.internal.invokers.MethodRunner.runInSequence(MethodRunner.java:63)
at org.testng.internal.invokers.TestInvoker$MethodInvocationAgent.invoke(TestInvoker.java:992)
at org.testng.internal.invokers.TestInvoker.invokeTestMethods(TestInvoker.java:203)
at org.testng.internal.invokers.TestMethodWorker.invokeTestMethods(TestMethodWorker.java:154)
at org.testng.internal.invokers.TestMethodWorker.run(TestMethodWorker.java:134)
at java.base/java.util.ArrayList.forEach(ArrayList.java:1597)
at org.testng.TestRunner.privateRun(TestRunner.java:739)
at org.testng.TestRunner.run(TestRunner.java:614)
at org.testng.SuiteRunner.runTest(SuiteRunner.java:421)
at org.testng.SuiteRunner.runSequentially(SuiteRunner.java:413)
at org.testng.SuiteRunner.privateRun(SuiteRunner.java:373)
at org.testng.SuiteRunner.run(SuiteRunner.java:312)
at org.testng.SuiteRunnerWorker.runSuite(SuiteRunnerWorker.java:52)
at org.testng.SuiteRunnerWorker.run(SuiteRunnerWorker.java:95)
at org.testng.TestNG.runSuitesSequentially(TestNG.java:1274)
at org.testng.TestNG.runSuitesLocally(TestNG.java:1208)
at org.testng.TestNG.runSuites(TestNG.java:1112)
at org.testng.TestNG.run(TestNG.java:1079)
at org.apache.maven.surefire.testng.TestNGExecutor.run(TestNGExecutor.java:155)
at org.apache.maven.surefire.testng.TestNGDirectoryTestSuite.executeMulti(TestNGDirectoryTestSuite.java:169)
at org.apache.maven.surefire.testng.TestNGDirectoryTestSuite.execute(TestNGDirectoryTestSuite.java:88)
at org.apache.maven.surefire.testng.TestNGProvider.invoke(TestNGProvider.java:137)
at org.apache.maven.surefire.booter.ForkedBooter.runSuitesInProcess(ForkedBooter.java:385)
at org.apache.maven.surefire.booter.ForkedBooter.execute(ForkedBooter.java:162)
at org.apache.maven.surefire.booter.ForkedBooter.run(ForkedBooter.java:507)
at org.apache.maven.surefire.booter.ForkedBooter.main(ForkedBooter.java:495)
]]>
            </full-stacktrace>
          </exception> <!-- io.cucumber.testng.UndefinedStepException -->
          <reporter-output>
          </reporter-output>
        </test-method> <!-- runScenario -->
        <test-method is-config="true" signature="tearDownClass()[pri:0, instance:com.hcmus.mentor.backend.runners.TestRunnerExcel@14dd9eb7]" started-at="2024-07-29T14:26:34 ICT" name="tearDownClass" finished-at="2024-07-29T14:26:34 ICT" duration-ms="12" status="PASS">
          <reporter-output>
          </reporter-output>
        </test-method> <!-- tearDownClass -->
      </class> <!-- com.hcmus.mentor.backend.runners.TestRunnerExcel -->
      <class name="com.hcmus.mentor.backend.runners.TestRunnerDataTable">
        <test-method is-config="true" signature="setUpClass(org.testng.ITestContext)[pri:0, instance:com.hcmus.mentor.backend.runners.TestRunnerDataTable@61862a7f]" started-at="2024-07-29T14:25:19 ICT" name="setUpClass" finished-at="2024-07-29T14:25:20 ICT" duration-ms="373" status="PASS">
          <params>
            <param index="0">
              <value>
                <![CDATA[org.testng.TestRunner@7e50eeb9]]>
              </value>
            </param>
          </params>
          <reporter-output>
          </reporter-output>
        </test-method> <!-- setUpClass -->
        <test-method signature="runScenario(io.cucumber.testng.PickleWrapper,io.cucumber.testng.FeatureWrapper)[pri:0, instance:com.hcmus.mentor.backend.runners.TestRunnerDataTable@61862a7f]" started-at="2024-07-29T14:25:20 ICT" name="runScenario" description="Runs Cucumber Scenarios" data-provider="scenarios" finished-at="2024-07-29T14:26:04 ICT" duration-ms="44281" status="PASS">
          <params>
            <param index="0">
              <value>
                <![CDATA["Dời lịch họp thành công"]]>
              </value>
            </param>
            <param index="1">
              <value>
                <![CDATA["Dời lịch họp"]]>
              </value>
            </param>
          </params>
          <reporter-output>
          </reporter-output>
        </test-method> <!-- runScenario -->
        <test-method is-config="true" signature="tearDownClass()[pri:0, instance:com.hcmus.mentor.backend.runners.TestRunnerDataTable@61862a7f]" started-at="2024-07-29T14:26:04 ICT" name="tearDownClass" finished-at="2024-07-29T14:26:04 ICT" duration-ms="34" status="PASS">
          <reporter-output>
          </reporter-output>
        </test-method> <!-- tearDownClass -->
      </class> <!-- com.hcmus.mentor.backend.runners.TestRunnerDataTable -->
    </test> <!-- Surefire test -->
  </suite> <!-- Surefire suite -->
</testng-results>
